<?xml version="1.0" encoding="UTF-8"?>
<!-- Generated by org.testng.reporters.JUnitXMLReporter -->
<testsuite ignored="0" hostname="Tirubalajipusul" failures="1" tests="1" name="Default test" time="46.227" errors="0" timestamp="10 Nov 2020 10:27:28 GMT">
  <testcase classname="SignUPTest" name="registerTest" time="46.185">
    <failure type="org.openqa.selenium.WebDriverException" message="unknown error: Element &amp;lt;iframe name=&amp;quot;https://accounts.sap.com/ui/public/showRegisterForm?sourceUrl=https%3A%2F%2Fcai.tools.sap%2F&amp;amp;amp;targetUrl=https%3A%2F%2Fcai.tools.sap%2Flogin%2FloggedIn&amp;amp;amp;spName=https%3A%2F%2Fsapcai-community.authentication.eu10.hana.ondemand.com#https%3A%2F%2Fcai.tools.sap%2F&amp;quot; src=&amp;quot;https://accounts.sap.com/ui/public/showRegisterForm?sourceUrl=https%3A%2F%2Fcai.tools.sap%2F&amp;amp;amp;targetUrl=https%3A%2F%2Fcai.tools.sap%2Flogin%2FloggedIn&amp;amp;amp;spName=https%3A%2F%2Fsapcai-community.authentication.eu10.hana.ondemand.com&amp;quot; id=&amp;quot;IDS_UI_Window&amp;quot; width=&amp;quot;100%&amp;quot; height=&amp;quot;0&amp;quot; margintop=&amp;quot;0&amp;quot; marginleft=&amp;quot;0&amp;quot; frameborder=&amp;quot;0&amp;quot; scrolling=&amp;quot;no&amp;quot; allowtransparancy=&amp;quot;true&amp;quot; sandbox=&amp;quot;allow-forms allow-same-origin allow-scripts allow-top-navigation allow-popups&amp;quot; allow=&amp;quot;publickey-credentials-get *&amp;quot; style=&amp;quot;height: 823px;&amp;quot; cd_frame_id_=&amp;quot;8f1f45f1d0d4a5af00fe73edf19f5618&amp;quot;&amp;gt;&amp;lt;/iframe&amp;gt; is not clickable at point (366, 557). Other element would receive the click: &amp;lt;div class=&amp;quot;py2 flex flex-content-center flex-center flex-wrap&amp;quot;&amp;gt;...&amp;lt;/div&amp;gt;
  (Session info: chrome=86.0.4240.183)
  (Driver info: chromedriver=2.40.565498 (ea082db3280dd6843ebfb08a625e3eb905c4f5ab),platform=Windows NT 6.1.7600 x86_64) (WARNING: The server did not provide any stacktrace information)
Command duration or timeout: 0 milliseconds
Build info: version: &amp;apos;3.141.59&amp;apos;, revision: &amp;apos;e82be7d358&amp;apos;, time: &amp;apos;2018-11-14T08:17:03&amp;apos;
System info: host: &amp;apos;TIRUBALAJIPUSUL&amp;apos;, ip: &amp;apos;192.168.0.106&amp;apos;, os.name: &amp;apos;Windows 7&amp;apos;, os.arch: &amp;apos;amd64&amp;apos;, os.version: &amp;apos;6.1&amp;apos;, java.version: &amp;apos;15.0.1&amp;apos;
Driver info: org.openqa.selenium.chrome.ChromeDriver
Capabilities {acceptInsecureCerts: false, acceptSslCerts: false, applicationCacheEnabled: false, browserConnectionEnabled: false, browserName: chrome, chrome: {chromedriverVersion: 2.40.565498 (ea082db3280dd6..., userDataDir: C:\Windows\TEMP\scoped_dir6...}, cssSelectorsEnabled: true, databaseEnabled: false, handlesAlerts: true, hasTouchScreen: false, javascriptEnabled: true, locationContextEnabled: true, mobileEmulationEnabled: false, nativeEvents: true, networkConnectionEnabled: false, pageLoadStrategy: normal, platform: XP, platformName: XP, rotatable: false, setWindowRect: true, takesHeapSnapshot: true, takesScreenshot: true, unexpectedAlertBehaviour: , unhandledPromptBehavior: , version: 86.0.4240.183, webStorageEnabled: true}
Session ID: 35b28ce17c45eb02a495753ffd5d7129">
      <![CDATA[org.openqa.selenium.WebDriverException: unknown error: Element <iframe name="https://accounts.sap.com/ui/public/showRegisterForm?sourceUrl=https%3A%2F%2Fcai.tools.sap%2F&amp;targetUrl=https%3A%2F%2Fcai.tools.sap%2Flogin%2FloggedIn&amp;spName=https%3A%2F%2Fsapcai-community.authentication.eu10.hana.ondemand.com#https%3A%2F%2Fcai.tools.sap%2F" src="https://accounts.sap.com/ui/public/showRegisterForm?sourceUrl=https%3A%2F%2Fcai.tools.sap%2F&amp;targetUrl=https%3A%2F%2Fcai.tools.sap%2Flogin%2FloggedIn&amp;spName=https%3A%2F%2Fsapcai-community.authentication.eu10.hana.ondemand.com" id="IDS_UI_Window" width="100%" height="0" margintop="0" marginleft="0" frameborder="0" scrolling="no" allowtransparancy="true" sandbox="allow-forms allow-same-origin allow-scripts allow-top-navigation allow-popups" allow="publickey-credentials-get *" style="height: 823px;" cd_frame_id_="8f1f45f1d0d4a5af00fe73edf19f5618"></iframe> is not clickable at point (366, 557). Other element would receive the click: <div class="py2 flex flex-content-center flex-center flex-wrap">...</div>
  (Session info: chrome=86.0.4240.183)
  (Driver info: chromedriver=2.40.565498 (ea082db3280dd6843ebfb08a625e3eb905c4f5ab),platform=Windows NT 6.1.7600 x86_64) (WARNING: The server did not provide any stacktrace information)
Command duration or timeout: 0 milliseconds
Build info: version: '3.141.59', revision: 'e82be7d358', time: '2018-11-14T08:17:03'
System info: host: 'TIRUBALAJIPUSUL', ip: '192.168.0.106', os.name: 'Windows 7', os.arch: 'amd64', os.version: '6.1', java.version: '15.0.1'
Driver info: org.openqa.selenium.chrome.ChromeDriver
Capabilities {acceptInsecureCerts: false, acceptSslCerts: false, applicationCacheEnabled: false, browserConnectionEnabled: false, browserName: chrome, chrome: {chromedriverVersion: 2.40.565498 (ea082db3280dd6..., userDataDir: C:\Windows\TEMP\scoped_dir6...}, cssSelectorsEnabled: true, databaseEnabled: false, handlesAlerts: true, hasTouchScreen: false, javascriptEnabled: true, locationContextEnabled: true, mobileEmulationEnabled: false, nativeEvents: true, networkConnectionEnabled: false, pageLoadStrategy: normal, platform: XP, platformName: XP, rotatable: false, setWindowRect: true, takesHeapSnapshot: true, takesScreenshot: true, unexpectedAlertBehaviour: , unhandledPromptBehavior: , version: 86.0.4240.183, webStorageEnabled: true}
Session ID: 35b28ce17c45eb02a495753ffd5d7129
at java.base/jdk.internal.reflect.NativeConstructorAccessorImpl.newInstance0(Native Method)
at java.base/jdk.internal.reflect.NativeConstructorAccessorImpl.newInstance(NativeConstructorAccessorImpl.java:64)
at java.base/jdk.internal.reflect.DelegatingConstructorAccessorImpl.newInstance(DelegatingConstructorAccessorImpl.java:45)
at java.base/java.lang.reflect.Constructor.newInstanceWithCaller(Constructor.java:500)
at java.base/java.lang.reflect.Constructor.newInstance(Constructor.java:481)
at org.openqa.selenium.remote.ErrorHandler.createThrowable(ErrorHandler.java:214)
at org.openqa.selenium.remote.ErrorHandler.throwIfResponseFailed(ErrorHandler.java:166)
at org.openqa.selenium.remote.http.JsonHttpResponseCodec.reconstructValue(JsonHttpResponseCodec.java:40)
at org.openqa.selenium.remote.http.AbstractHttpResponseCodec.decode(AbstractHttpResponseCodec.java:80)
at org.openqa.selenium.remote.http.AbstractHttpResponseCodec.decode(AbstractHttpResponseCodec.java:44)
at org.openqa.selenium.remote.HttpCommandExecutor.execute(HttpCommandExecutor.java:158)
at org.openqa.selenium.remote.service.DriverCommandExecutor.execute(DriverCommandExecutor.java:83)
at org.openqa.selenium.remote.RemoteWebDriver.execute(RemoteWebDriver.java:552)
at org.openqa.selenium.remote.RemoteWebElement.execute(RemoteWebElement.java:285)
at org.openqa.selenium.remote.RemoteWebElement.click(RemoteWebElement.java:84)
at java.base/jdk.internal.reflect.NativeMethodAccessorImpl.invoke0(Native Method)
at java.base/jdk.internal.reflect.NativeMethodAccessorImpl.invoke(NativeMethodAccessorImpl.java:64)
at java.base/jdk.internal.reflect.DelegatingMethodAccessorImpl.invoke(DelegatingMethodAccessorImpl.java:43)
at java.base/java.lang.reflect.Method.invoke(Method.java:564)
at org.openqa.selenium.support.pagefactory.internal.LocatingElementHandler.invoke(LocatingElementHandler.java:51)
at com.sun.proxy.$Proxy10.click(Unknown Source)
at Repostiry.setcheck(Repostiry.java:115)
at SignUPTest.registerTest(SignUPTest.java:43)
at java.base/jdk.internal.reflect.NativeMethodAccessorImpl.invoke0(Native Method)
at java.base/jdk.internal.reflect.NativeMethodAccessorImpl.invoke(NativeMethodAccessorImpl.java:64)
at java.base/jdk.internal.reflect.DelegatingMethodAccessorImpl.invoke(DelegatingMethodAccessorImpl.java:43)
at java.base/java.lang.reflect.Method.invoke(Method.java:564)
at org.testng.internal.MethodInvocationHelper.invokeMethod(MethodInvocationHelper.java:124)
at org.testng.internal.Invoker.invokeMethod(Invoker.java:583)
at org.testng.internal.Invoker.invokeTestMethod(Invoker.java:719)
at org.testng.internal.Invoker.invokeTestMethods(Invoker.java:989)
at org.testng.internal.TestMethodWorker.invokeTestMethods(TestMethodWorker.java:125)
at org.testng.internal.TestMethodWorker.run(TestMethodWorker.java:109)
at org.testng.TestRunner.privateRun(TestRunner.java:648)
at org.testng.TestRunner.run(TestRunner.java:505)
at org.testng.SuiteRunner.runTest(SuiteRunner.java:455)
at org.testng.SuiteRunner.runSequentially(SuiteRunner.java:450)
at org.testng.SuiteRunner.privateRun(SuiteRunner.java:415)
at org.testng.SuiteRunner.run(SuiteRunner.java:364)
at org.testng.SuiteRunnerWorker.runSuite(SuiteRunnerWorker.java:52)
at org.testng.SuiteRunnerWorker.run(SuiteRunnerWorker.java:84)
at org.testng.TestNG.runSuitesSequentially(TestNG.java:1208)
at org.testng.TestNG.runSuitesLocally(TestNG.java:1137)
at org.testng.TestNG.runSuites(TestNG.java:1049)
at org.testng.TestNG.run(TestNG.java:1017)
at org.testng.remote.AbstractRemoteTestNG.run(AbstractRemoteTestNG.java:115)
at org.testng.remote.RemoteTestNG.initAndRun(RemoteTestNG.java:251)
at org.testng.remote.RemoteTestNG.main(RemoteTestNG.java:77)
]]>
    </failure>
  </testcase> <!-- registerTest -->
</testsuite> <!-- Default test -->
