<?xml version="1.0" encoding="UTF-8"?>
<!-- Generated by org.testng.reporters.JUnitReportReporter -->
<testsuite hostname="Tirubalajipusul" failures="0" tests="1" name="SignUPTest" time="46.185" errors="1" timestamp="10 Nov 2020 10:27:28 GMT" skipped="0">
  <testcase classname="SignUPTest" name="registerTest" time="46.185">
    <error message="unknown error: Element &lt;iframe name=&quot;https://accounts.sap.com/ui/public/showRegisterForm?sourceUrl=https%3A%2F%2Fcai.tools.sap%2F&amp;amp;targetUrl=https%3A%2F%2Fcai.tools.sap%2Flogin%2FloggedIn&amp;amp;spName=https%3A%2F%2Fsapcai-community.authentication.eu10.hana.ondemand.com#https%3A%2F%2Fcai.tools.sap%2F&quot; src=&quot;https://accounts.sap.com/ui/public/showRegisterForm?sourceUrl=https%3A%2F%2Fcai.tools.sap%2F&amp;amp;targetUrl=https%3A%2F%2Fcai.tools.sap%2Flogin%2FloggedIn&amp;amp;spName=https%3A%2F%2Fsapcai-community.authentication.eu10.hana.ondemand.com&quot; id=&quot;IDS_UI_Window&quot; width=&quot;100%&quot; height=&quot;0&quot; margintop=&quot;0&quot; marginleft=&quot;0&quot; frameborder=&quot;0&quot; scrolling=&quot;no&quot; allowtransparancy=&quot;true&quot; sandbox=&quot;allow-forms allow-same-origin allow-scripts allow-top-navigation allow-popups&quot; allow=&quot;publickey-credentials-get *&quot; style=&quot;height: 823px;&quot; cd_frame_id_=&quot;8f1f45f1d0d4a5af00fe73edf19f5618&quot;&gt;&lt;/iframe&gt; is not clickable at point (366, 557). Other element would receive the click: &lt;div class=&quot;py2 flex flex-content-center flex-center flex-wrap&quot;&gt;...&lt;/div&gt;
  (Session info: chrome=86.0.4240.183)
  (Driver info: chromedriver=2.40.565498 (ea082db3280dd6843ebfb08a625e3eb905c4f5ab),platform=Windows NT 6.1.7600 x86_64) (WARNING: The server did not provide any stacktrace information)
Command duration or timeout: 0 milliseconds
Build info: version: &#039;3.141.59&#039;, revision: &#039;e82be7d358&#039;, time: &#039;2018-11-14T08:17:03&#039;
System info: host: &#039;TIRUBALAJIPUSUL&#039;, ip: &#039;192.168.0.106&#039;, os.name: &#039;Windows 7&#039;, os.arch: &#039;amd64&#039;, os.version: &#039;6.1&#039;, java.version: &#039;15.0.1&#039;
Driver info: org.openqa.selenium.chrome.ChromeDriver
Capabilities {acceptInsecureCerts: false, acceptSslCerts: false, applicationCacheEnabled: false, browserConnectionEnabled: false, browserName: chrome, chrome: {chromedriverVersion: 2.40.565498 (ea082db3280dd6..., userDataDir: C:\Windows\TEMP\scoped_dir6...}, cssSelectorsEnabled: true, databaseEnabled: false, handlesAlerts: true, hasTouchScreen: false, javascriptEnabled: true, locationContextEnabled: true, mobileEmulationEnabled: false, nativeEvents: true, networkConnectionEnabled: false, pageLoadStrategy: normal, platform: XP, platformName: XP, rotatable: false, setWindowRect: true, takesHeapSnapshot: true, takesScreenshot: true, unexpectedAlertBehaviour: , unhandledPromptBehavior: , version: 86.0.4240.183, webStorageEnabled: true}
Session ID: 35b28ce17c45eb02a495753ffd5d7129" type="org.openqa.selenium.WebDriverException">
      <![CDATA[org.openqa.selenium.WebDriverException: unknown error: Element <iframe name="https://accounts.sap.com/ui/public/showRegisterForm?sourceUrl=https%3A%2F%2Fcai.tools.sap%2F&amp;targetUrl=https%3A%2F%2Fcai.tools.sap%2Flogin%2FloggedIn&amp;spName=https%3A%2F%2Fsapcai-community.authentication.eu10.hana.ondemand.com#https%3A%2F%2Fcai.tools.sap%2F" src="https://accounts.sap.com/ui/public/showRegisterForm?sourceUrl=https%3A%2F%2Fcai.tools.sap%2F&amp;targetUrl=https%3A%2F%2Fcai.tools.sap%2Flogin%2FloggedIn&amp;spName=https%3A%2F%2Fsapcai-community.authentication.eu10.hana.ondemand.com" id="IDS_UI_Window" width="100%" height="0" margintop="0" marginleft="0" frameborder="0" scrolling="no" allowtransparancy="true" sandbox="allow-forms allow-same-origin allow-scripts allow-top-navigation allow-popups" allow="publickey-credentials-get *" style="height: 823px;" cd_frame_id_="8f1f45f1d0d4a5af00fe73edf19f5618"></iframe> is not clickable at point (366, 557). Other element would receive the click: <div class="py2 flex flex-content-center flex-center flex-wrap">...</div>
  (Session info: chrome=86.0.4240.183)
  (Driver info: chromedriver=2.40.565498 (ea082db3280dd6843ebfb08a625e3eb905c4f5ab),platform=Windows NT 6.1.7600 x86_64) (WARNING: The server did not provide any stacktrace information)
Command duration or timeout: 0 milliseconds
Build info: version: '3.141.59', revision: 'e82be7d358', time: '2018-11-14T08:17:03'
System info: host: 'TIRUBALAJIPUSUL', ip: '192.168.0.106', os.name: 'Windows 7', os.arch: 'amd64', os.version: '6.1', java.version: '15.0.1'
Driver info: org.openqa.selenium.chrome.ChromeDriver
Capabilities {acceptInsecureCerts: false, acceptSslCerts: false, applicationCacheEnabled: false, browserConnectionEnabled: false, browserName: chrome, chrome: {chromedriverVersion: 2.40.565498 (ea082db3280dd6..., userDataDir: C:\Windows\TEMP\scoped_dir6...}, cssSelectorsEnabled: true, databaseEnabled: false, handlesAlerts: true, hasTouchScreen: false, javascriptEnabled: true, locationContextEnabled: true, mobileEmulationEnabled: false, nativeEvents: true, networkConnectionEnabled: false, pageLoadStrategy: normal, platform: XP, platformName: XP, rotatable: false, setWindowRect: true, takesHeapSnapshot: true, takesScreenshot: true, unexpectedAlertBehaviour: , unhandledPromptBehavior: , version: 86.0.4240.183, webStorageEnabled: true}
Session ID: 35b28ce17c45eb02a495753ffd5d7129
at java.base/jdk.internal.reflect.NativeConstructorAccessorImpl.newInstance0(Native Method)
at java.base/jdk.internal.reflect.NativeConstructorAccessorImpl.newInstance(NativeConstructorAccessorImpl.java:64)
at java.base/jdk.internal.reflect.DelegatingConstructorAccessorImpl.newInstance(DelegatingConstructorAccessorImpl.java:45)
at java.base/java.lang.reflect.Constructor.newInstanceWithCaller(Constructor.java:500)
at java.base/java.lang.reflect.Constructor.newInstance(Constructor.java:481)
at org.openqa.selenium.remote.ErrorHandler.createThrowable(ErrorHandler.java:214)
at org.openqa.selenium.remote.ErrorHandler.throwIfResponseFailed(ErrorHandler.java:166)
at org.openqa.selenium.remote.http.JsonHttpResponseCodec.reconstructValue(JsonHttpResponseCodec.java:40)
at org.openqa.selenium.remote.http.AbstractHttpResponseCodec.decode(AbstractHttpResponseCodec.java:80)
at org.openqa.selenium.remote.http.AbstractHttpResponseCodec.decode(AbstractHttpResponseCodec.java:44)
at org.openqa.selenium.remote.HttpCommandExecutor.execute(HttpCommandExecutor.java:158)
at org.openqa.selenium.remote.service.DriverCommandExecutor.execute(DriverCommandExecutor.java:83)
at org.openqa.selenium.remote.RemoteWebDriver.execute(RemoteWebDriver.java:552)
at org.openqa.selenium.remote.RemoteWebElement.execute(RemoteWebElement.java:285)
at org.openqa.selenium.remote.RemoteWebElement.click(RemoteWebElement.java:84)
at java.base/jdk.internal.reflect.NativeMethodAccessorImpl.invoke0(Native Method)
at java.base/jdk.internal.reflect.NativeMethodAccessorImpl.invoke(NativeMethodAccessorImpl.java:64)
at java.base/jdk.internal.reflect.DelegatingMethodAccessorImpl.invoke(DelegatingMethodAccessorImpl.java:43)
at java.base/java.lang.reflect.Method.invoke(Method.java:564)
at org.openqa.selenium.support.pagefactory.internal.LocatingElementHandler.invoke(LocatingElementHandler.java:51)
at com.sun.proxy.$Proxy10.click(Unknown Source)
at Repostiry.setcheck(Repostiry.java:115)
at SignUPTest.registerTest(SignUPTest.java:43)
at java.base/jdk.internal.reflect.NativeMethodAccessorImpl.invoke0(Native Method)
at java.base/jdk.internal.reflect.NativeMethodAccessorImpl.invoke(NativeMethodAccessorImpl.java:64)
at java.base/jdk.internal.reflect.DelegatingMethodAccessorImpl.invoke(DelegatingMethodAccessorImpl.java:43)
at java.base/java.lang.reflect.Method.invoke(Method.java:564)
at org.testng.internal.MethodInvocationHelper.invokeMethod(MethodInvocationHelper.java:124)
at org.testng.internal.Invoker.invokeMethod(Invoker.java:583)
at org.testng.internal.Invoker.invokeTestMethod(Invoker.java:719)
at org.testng.internal.Invoker.invokeTestMethods(Invoker.java:989)
at org.testng.internal.TestMethodWorker.invokeTestMethods(TestMethodWorker.java:125)
at org.testng.internal.TestMethodWorker.run(TestMethodWorker.java:109)
at org.testng.TestRunner.privateRun(TestRunner.java:648)
at org.testng.TestRunner.run(TestRunner.java:505)
at org.testng.SuiteRunner.runTest(SuiteRunner.java:455)
at org.testng.SuiteRunner.runSequentially(SuiteRunner.java:450)
at org.testng.SuiteRunner.privateRun(SuiteRunner.java:415)
at org.testng.SuiteRunner.run(SuiteRunner.java:364)
at org.testng.SuiteRunnerWorker.runSuite(SuiteRunnerWorker.java:52)
at org.testng.SuiteRunnerWorker.run(SuiteRunnerWorker.java:84)
at org.testng.TestNG.runSuitesSequentially(TestNG.java:1208)
at org.testng.TestNG.runSuitesLocally(TestNG.java:1137)
at org.testng.TestNG.runSuites(TestNG.java:1049)
at org.testng.TestNG.run(TestNG.java:1017)
at org.testng.remote.AbstractRemoteTestNG.run(AbstractRemoteTestNG.java:115)
at org.testng.remote.RemoteTestNG.initAndRun(RemoteTestNG.java:251)
at org.testng.remote.RemoteTestNG.main(RemoteTestNG.java:77)
]]>
    </error>
  </testcase> <!-- registerTest -->
</testsuite> <!-- SignUPTest -->
